<?xml version="1.0" encoding="UTF-8"?>
<!-- Generated by org.testng.reporters.JUnitReportReporter -->
<testsuite hostname="DESKTOP-7C7M603" name="com.companyName.projectName.testCases.TC005_Create_an_Account" tests="1" failures="0" timestamp="19 Oct 2019 06:46:57 GMT" time="0.025" errors="1">
  <testcase name="TC005_Create_An_Account" time="0.025" classname="com.companyName.projectName.testCases.TC005_Create_an_Account"/>
</testsuite> <!-- com.companyName.projectName.testCases.TC005_Create_an_Account -->
