<?xml version="1.0" encoding="UTF-8"?>
<!-- Generated by org.testng.reporters.JUnitReportReporter -->
<testsuite hostname="DESKTOP-7C7M603" name="com.companyName.projectName.testCases.LoginToApplication" tests="1" failures="0" timestamp="22 Sep 2019 04:09:41 GMT" time="39.936" errors="0">
  <testcase name="loginToApplication" time="39.936" classname="com.companyName.projectName.testCases.LoginToApplication"/>
</testsuite> <!-- com.companyName.projectName.testCases.LoginToApplication -->
