<?xml version="1.0" encoding="UTF-8"?>
<!-- Generated by org.testng.reporters.JUnitReportReporter -->
<testsuite hostname="DESKTOP-7C7M603" name="com.companyName.projectName.testCases.ReadingDataFromXlsx" tests="2" failures="0" timestamp="15 Sep 2019 04:01:27 GMT" time="0.020" errors="0">
  <testcase name="readingDataFromXlsx" time="0.002" classname="com.companyName.projectName.testCases.ReadingDataFromXlsx"/>
  <testcase name="readingDataFromXlsx" time="0.018" classname="com.companyName.projectName.testCases.ReadingDataFromXlsx"/>
</testsuite> <!-- com.companyName.projectName.testCases.ReadingDataFromXlsx -->
