<?xml version="1.0" encoding="UTF-8"?>
<!-- Generated by org.testng.reporters.JUnitReportReporter -->
<testsuite hostname="DESKTOP-7C7M603" name="com.companyName.projectName.testCases.TestHashTable" tests="1" failures="0" timestamp="8 Sep 2019 03:32:54 GMT" time="0.021" errors="0">
  <testcase name="hashTable" time="0.021" classname="com.companyName.projectName.testCases.TestHashTable"/>
</testsuite> <!-- com.companyName.projectName.testCases.TestHashTable -->
