<?xml version="1.0" encoding="UTF-8"?>
<!-- Generated by org.testng.reporters.JUnitReportReporter -->
<testsuite hostname="DESKTOP-7C7M603" name="com.companyName.projectName.testCases.TC001_Create_an_Account" tests="1" failures="0" timestamp="13 Oct 2019 09:48:59 GMT" time="36.985" errors="0">
  <testcase name="TC001_Create_An_Account" time="36.985" classname="com.companyName.projectName.testCases.TC001_Create_an_Account"/>
</testsuite> <!-- com.companyName.projectName.testCases.TC001_Create_an_Account -->
