<?xml version="1.0" encoding="UTF-8"?>
<!-- Generated by org.testng.reporters.JUnitReportReporter -->
<testsuite hostname="DESKTOP-7C7M603" name="com.companyName.projectName.testCases.TestNGAsserts" tests="1" failures="0" timestamp="12 Oct 2019 07:14:51 GMT" time="0.028" errors="0">
  <testcase name="testNGAsserts" time="0.028" classname="com.companyName.projectName.testCases.TestNGAsserts"/>
</testsuite> <!-- com.companyName.projectName.testCases.TestNGAsserts -->
